C:\Program Files (x86)\Microsoft Visual Studio\2017\Community\Common7\IDE\VC\VCTargets\Microsoft.CppBuild.targets(387,5): warning MSB8028: El directorio intermedio (Debug\) contiene archivos compartidos de otro proyecto (pacman.vcxproj). Esto puede dar lugar a un comportamiento incorrecto de limpieza y recompilación.
  main.cpp
c:\users\hecto\universidad\2º\tpv\pacaman2\pacaman\proyectossdl(1.07)\holasdl\gameobject.h(20): error C2143: error de sintaxis: falta ';' delante de '*'
c:\users\hecto\universidad\2º\tpv\pacaman2\pacaman\proyectossdl(1.07)\holasdl\gameobject.h(20): error C4430: falta el especificador de tipo; se presupone int. Nota: C++ no admite default-int
c:\users\hecto\universidad\2º\tpv\pacaman2\pacaman\proyectossdl(1.07)\holasdl\gameobject.h(20): error C2238: símbolos (token) inesperados delante de ';'
c:\users\hecto\universidad\2º\tpv\pacaman2\pacaman\proyectossdl(1.07)\holasdl\gamecharacter.h(10): error C2061: error de sintaxis: identificador 'Game'
c:\users\hecto\universidad\2º\tpv\pacaman2\pacaman\proyectossdl(1.07)\holasdl\smartghost.h(44): error C2061: error de sintaxis: identificador 'PacMan'
  SmartGhost.cpp
c:\users\hecto\universidad\2º\tpv\pacaman2\pacaman\proyectossdl(1.07)\holasdl\smartghost.cpp(6): error C2661: 'GameCharacter::GameCharacter': ninguna función sobrecargada acepta 4 argumentos
c:\users\hecto\universidad\2º\tpv\pacaman2\pacaman\proyectossdl(1.07)\holasdl\smartghost.cpp(79): warning C4018: '<': no coinciden signed/unsigned
c:\users\hecto\universidad\2º\tpv\pacaman2\pacaman\proyectossdl(1.07)\holasdl\smartghost.cpp(87): warning C4244: 'inicializando': conversión de 'int' a 'float'; posible pérdida de datos
c:\users\hecto\universidad\2º\tpv\pacaman2\pacaman\proyectossdl(1.07)\holasdl\smartghost.cpp(88): warning C4244: 'inicializando': conversión de 'int' a 'float'; posible pérdida de datos
c:\users\hecto\universidad\2º\tpv\pacaman2\pacaman\proyectossdl(1.07)\holasdl\smartghost.cpp(148): warning C4244: '+=': conversión de 'float' a 'int'; posible pérdida de datos
c:\users\hecto\universidad\2º\tpv\pacaman2\pacaman\proyectossdl(1.07)\holasdl\smartghost.cpp(149): warning C4244: '+=': conversión de 'float' a 'int'; posible pérdida de datos
c:\users\hecto\universidad\2º\tpv\pacaman2\pacaman\proyectossdl(1.07)\holasdl\smartghost.cpp(150): warning C4244: '=': conversión de 'float' a 'int'; posible pérdida de datos
c:\users\hecto\universidad\2º\tpv\pacaman2\pacaman\proyectossdl(1.07)\holasdl\smartghost.cpp(151): warning C4244: '=': conversión de 'float' a 'int'; posible pérdida de datos
  PacMan.cpp
c:\users\hecto\universidad\2º\tpv\pacaman2\pacaman\proyectossdl(1.07)\holasdl\smartghost.h(7): error C2504: 'GameCharacter': clase base sin definir
c:\users\hecto\universidad\2º\tpv\pacaman2\pacaman\proyectossdl(1.07)\holasdl\smartghost.h(44): error C2061: error de sintaxis: identificador 'PacMan'
  Ghost.cpp
c:\users\hecto\universidad\2º\tpv\pacaman2\pacaman\proyectossdl(1.07)\holasdl\smartghost.h(7): error C2504: 'GameCharacter': clase base sin definir
c:\users\hecto\universidad\2º\tpv\pacaman2\pacaman\proyectossdl(1.07)\holasdl\smartghost.h(44): error C2061: error de sintaxis: identificador 'PacMan'
  GameObject.cpp
c:\users\hecto\universidad\2º\tpv\pacaman2\pacaman\proyectossdl(1.07)\holasdl\gamecharacter.h(7): error C2504: 'GameObject': clase base sin definir
c:\users\hecto\universidad\2º\tpv\pacaman2\pacaman\proyectossdl(1.07)\holasdl\gamecharacter.h(10): error C2061: error de sintaxis: identificador 'Game'
c:\users\hecto\universidad\2º\tpv\pacaman2\pacaman\proyectossdl(1.07)\holasdl\smartghost.h(44): error C2061: error de sintaxis: identificador 'PacMan'
  GameMap.cpp
c:\users\hecto\universidad\2º\tpv\pacaman2\pacaman\proyectossdl(1.07)\holasdl\smartghost.h(7): error C2504: 'GameCharacter': clase base sin definir
c:\users\hecto\universidad\2º\tpv\pacaman2\pacaman\proyectossdl(1.07)\holasdl\smartghost.h(44): error C2061: error de sintaxis: identificador 'PacMan'
  GameCharacter.cpp
c:\users\hecto\universidad\2º\tpv\pacaman2\pacaman\proyectossdl(1.07)\holasdl\smartghost.h(7): error C2504: 'GameCharacter': clase base sin definir
c:\users\hecto\universidad\2º\tpv\pacaman2\pacaman\proyectossdl(1.07)\holasdl\smartghost.h(44): error C2061: error de sintaxis: identificador 'PacMan'
c:\users\hecto\universidad\2º\tpv\pacaman2\pacaman\proyectossdl(1.07)\holasdl\gamecharacter.cpp(24): error C2563: hay una falta de correspondencia en la lista de parámetros formales
c:\users\hecto\universidad\2º\tpv\pacaman2\pacaman\proyectossdl(1.07)\holasdl\gamecharacter.cpp(24): error C2568: '=': no se puede resolver la sobrecarga de funciones
  c:\users\hecto\universidad\2º\tpv\pacaman2\pacaman\proyectossdl(1.07)\holasdl\gamecharacter.cpp(24): note: puede ser 'std::reverse_iterator<const _Elem*> std::rend(std::initializer_list<_Elem>)'
  c:\users\hecto\universidad\2º\tpv\pacaman2\pacaman\proyectossdl(1.07)\holasdl\gamecharacter.cpp(24): note: o       'std::reverse_iterator<_Ty*> std::rend(_Ty (&)[_Size])'
  c:\users\hecto\universidad\2º\tpv\pacaman2\pacaman\proyectossdl(1.07)\holasdl\gamecharacter.cpp(24): note: o       'unknown-type std::rend(const _Container &)'
  c:\users\hecto\universidad\2º\tpv\pacaman2\pacaman\proyectossdl(1.07)\holasdl\gamecharacter.cpp(24): note: o       'unknown-type std::rend(_Container &)'
  Game.cpp
c:\users\hecto\universidad\2º\tpv\pacaman2\pacaman\proyectossdl(1.07)\holasdl\gameobject.h(20): error C2143: error de sintaxis: falta ';' delante de '*'
c:\users\hecto\universidad\2º\tpv\pacaman2\pacaman\proyectossdl(1.07)\holasdl\gameobject.h(20): error C4430: falta el especificador de tipo; se presupone int. Nota: C++ no admite default-int
c:\users\hecto\universidad\2º\tpv\pacaman2\pacaman\proyectossdl(1.07)\holasdl\gameobject.h(20): error C2238: símbolos (token) inesperados delante de ';'
c:\users\hecto\universidad\2º\tpv\pacaman2\pacaman\proyectossdl(1.07)\holasdl\gamecharacter.h(10): error C2061: error de sintaxis: identificador 'Game'
c:\users\hecto\universidad\2º\tpv\pacaman2\pacaman\proyectossdl(1.07)\holasdl\smartghost.h(44): error C2061: error de sintaxis: identificador 'PacMan'
c:\users\hecto\universidad\2º\tpv\pacaman2\pacaman\proyectossdl(1.07)\holasdl\game.cpp(138): error C2660: 'SmartGhost::RenderGhost': la función no acepta 3 argumentos
  Generando código...
